16:02:21 **** Build of configuration Default for project MyApp_Tutorial ****
make all 
"arm-altera-eabi-gcc"  -g -O3 -Wall -I ../inc -I../../mAbassi/Abassi -I../../mAbassi/Platform/inc -I../../mAbassi/Drivers/inc -I../../mAbassi/Share/inc -I C:/intelFPGA/18.0/embedded/ip/altera/hps/altera_hps/hwlib/include/soc_cv_av -I C:/intelFPGA/18.0/embedded/ip/altera/hps/altera_hps/hwlib/include -DOS_START_STACK=8192 -DUART_FULL_PROTECT=1 -D soc_cv_av -DOS_DEMO=-101 -DUART_Q_SIZE_RX=1 -DUART_Q_SIZE_TX=1 -DUART_CIRC_BUF_RX=2048 -DUART_CIRC_BUF_TX=2048 -std=gnu99 -mfpu=neon -march=armv7-a -mtune=cortex-a9 -mcpu=cortex-a9 -mfloat-abi=softfp -mno-unaligned-access -ffunction-sections -fdata-sections -Wstrict-prototypes -DOS_PLATFORM=0x0100AAC5 -DOS_N_CORE=2 -DOS_NEWLIB_REENT=0 -c ../src/Main_mAbassi.c -o Main_mAbassi.o
"arm-altera-eabi-gcc"  -g -O3 -Wall -I ../inc -I../../mAbassi/Abassi -I../../mAbassi/Platform/inc -I../../mAbassi/Drivers/inc -I../../mAbassi/Share/inc -I C:/intelFPGA/18.0/embedded/ip/altera/hps/altera_hps/hwlib/include/soc_cv_av -I C:/intelFPGA/18.0/embedded/ip/altera/hps/altera_hps/hwlib/include -DOS_START_STACK=8192 -DUART_FULL_PROTECT=1 -D soc_cv_av -DOS_DEMO=-101 -DUART_Q_SIZE_RX=1 -DUART_Q_SIZE_TX=1 -DUART_CIRC_BUF_RX=2048 -DUART_CIRC_BUF_TX=2048 -std=gnu99 -mfpu=neon -march=armv7-a -mtune=cortex-a9 -mcpu=cortex-a9 -mfloat-abi=softfp -mno-unaligned-access -ffunction-sections -fdata-sections -Wstrict-prototypes -DOS_PLATFORM=0x0100AAC5 -DOS_N_CORE=2 -DOS_NEWLIB_REENT=0 -c ../src/MyApp_Tutorial.c -o MyApp_Tutorial.o
../src/MyApp_Tutorial.c: In function 'Task_FPGA_Button':
../src/MyApp_Tutorial.c:102:9: warning: 'PtrMsg' is used uninitialized in this function [-Wuninitialized]
         MBXput(PrtMbx, PtrMsg, -1); // -1 = Infinite blocking
         ^~~~~~~~~~~~~~~~~~~~~~~~~~
../src/MyApp_Tutorial.c: In function 'Task_HPS_Led':
../src/MyApp_Tutorial.c:41:13: warning: 'PtrMsg' is used uninitialized in this function [-Wuninitialized]
         if (MBXget(PrtMbx, PtrMsg, 0) == 0) {  // 0 = Never blocks
             ^~~~~~~~~~~~~~~~~~~~~~~~~
"arm-altera-eabi-gcc"  -g -O3 -Wall -I ../inc -I../../mAbassi/Abassi -I../../mAbassi/Platform/inc -I../../mAbassi/Drivers/inc -I../../mAbassi/Share/inc -I C:/intelFPGA/18.0/embedded/ip/altera/hps/altera_hps/hwlib/include/soc_cv_av -I C:/intelFPGA/18.0/embedded/ip/altera/hps/altera_hps/hwlib/include -DOS_START_STACK=8192 -DUART_FULL_PROTECT=1 -D soc_cv_av -DOS_DEMO=-101 -DUART_Q_SIZE_RX=1 -DUART_Q_SIZE_TX=1 -DUART_CIRC_BUF_RX=2048 -DUART_CIRC_BUF_TX=2048 -std=gnu99 -mfpu=neon -march=armv7-a -mtune=cortex-a9 -mcpu=cortex-a9 -mfloat-abi=softfp -mno-unaligned-access -ffunction-sections -fdata-sections -Wstrict-prototypes -DOS_PLATFORM=0x0100AAC5 -DOS_N_CORE=2 -DOS_NEWLIB_REENT=0 -c ../../mAbassi/Abassi/SysCall_noFS.c -o SysCall_noFS.o
"arm-altera-eabi-gcc"  -g -O3 -Wall -I ../inc -I../../mAbassi/Abassi -I../../mAbassi/Platform/inc -I../../mAbassi/Drivers/inc -I../../mAbassi/Share/inc -I C:/intelFPGA/18.0/embedded/ip/altera/hps/altera_hps/hwlib/include/soc_cv_av -I C:/intelFPGA/18.0/embedded/ip/altera/hps/altera_hps/hwlib/include -DOS_START_STACK=8192 -DUART_FULL_PROTECT=1 -D soc_cv_av -DOS_DEMO=-101 -DUART_Q_SIZE_RX=1 -DUART_Q_SIZE_TX=1 -DUART_CIRC_BUF_RX=2048 -DUART_CIRC_BUF_TX=2048 -std=gnu99 -mfpu=neon -march=armv7-a -mtune=cortex-a9 -mcpu=cortex-a9 -mfloat-abi=softfp -mno-unaligned-access -ffunction-sections -fdata-sections -Wstrict-prototypes -DOS_PLATFORM=0x0100AAC5 -DOS_N_CORE=2 -DOS_NEWLIB_REENT=0 -c ../../mAbassi/Share/src/TIMERinit.c -o TIMERinit.o
"arm-altera-eabi-gcc"  -g -O3 -Wall -I ../inc -I../../mAbassi/Abassi -I../../mAbassi/Platform/inc -I../../mAbassi/Drivers/inc -I../../mAbassi/Share/inc -I C:/intelFPGA/18.0/embedded/ip/altera/hps/altera_hps/hwlib/include/soc_cv_av -I C:/intelFPGA/18.0/embedded/ip/altera/hps/altera_hps/hwlib/include -DOS_START_STACK=8192 -DUART_FULL_PROTECT=1 -D soc_cv_av -DOS_DEMO=-101 -DUART_Q_SIZE_RX=1 -DUART_Q_SIZE_TX=1 -DUART_CIRC_BUF_RX=2048 -DUART_CIRC_BUF_TX=2048 -std=gnu99 -mfpu=neon -march=armv7-a -mtune=cortex-a9 -mcpu=cortex-a9 -mfloat-abi=softfp -mno-unaligned-access -ffunction-sections -fdata-sections -Wstrict-prototypes -DOS_PLATFORM=0x0100AAC5 -DOS_N_CORE=2 -DOS_NEWLIB_REENT=0 -c ../../mAbassi/Drivers/src/dw_uart.c -o dw_uart.o
"arm-altera-eabi-gcc"  -g -O3 -Wall -I ../inc -I../../mAbassi/Abassi -I../../mAbassi/Platform/inc -I../../mAbassi/Drivers/inc -I../../mAbassi/Share/inc -I C:/intelFPGA/18.0/embedded/ip/altera/hps/altera_hps/hwlib/include/soc_cv_av -I C:/intelFPGA/18.0/embedded/ip/altera/hps/altera_hps/hwlib/include -DOS_START_STACK=8192 -DUART_FULL_PROTECT=1 -D soc_cv_av -DOS_DEMO=-101 -DUART_Q_SIZE_RX=1 -DUART_Q_SIZE_TX=1 -DUART_CIRC_BUF_RX=2048 -DUART_CIRC_BUF_TX=2048 -std=gnu99 -mfpu=neon -march=armv7-a -mtune=cortex-a9 -mcpu=cortex-a9 -mfloat-abi=softfp -mno-unaligned-access -ffunction-sections -fdata-sections -Wstrict-prototypes -DOS_PLATFORM=0x0100AAC5 -DOS_N_CORE=2 -DOS_NEWLIB_REENT=0 -c ../hwlib/alt_generalpurpose_io.c -o alt_generalpurpose_io.o
"arm-altera-eabi-gcc"  -g -O3 -Wall -I ../inc -I../../mAbassi/Abassi -I../../mAbassi/Platform/inc -I../../mAbassi/Drivers/inc -I../../mAbassi/Share/inc -I C:/intelFPGA/18.0/embedded/ip/altera/hps/altera_hps/hwlib/include/soc_cv_av -I C:/intelFPGA/18.0/embedded/ip/altera/hps/altera_hps/hwlib/include -DOS_START_STACK=8192 -DUART_FULL_PROTECT=1 -D soc_cv_av -DOS_DEMO=-101 -DUART_Q_SIZE_RX=1 -DUART_Q_SIZE_TX=1 -DUART_CIRC_BUF_RX=2048 -DUART_CIRC_BUF_TX=2048 -std=gnu99 -mfpu=neon -march=armv7-a -mtune=cortex-a9 -mcpu=cortex-a9 -mfloat-abi=softfp -mno-unaligned-access -ffunction-sections -fdata-sections -Wstrict-prototypes -DOS_PLATFORM=0x0100AAC5 -DOS_N_CORE=2 -DOS_NEWLIB_REENT=0 -c ../../mAbassi/Platform/src/mAbassiCfgA9.c -o mAbassiCfgA9.o
"arm-altera-eabi-g++" -Wl,--gc-sections  -Wl,-L../../mAbassi/Platform/lib -Xlinker -Map -Xlinker Demo_101_SMP_DE0NANOSOC_A9_GCC.map 			\
      -T ../../mAbassi/AR5_CY5.ld  Main_mAbassi.o MyApp_Tutorial.o SysCall_noFS.o TIMERinit.o dw_uart.o alt_generalpurpose_io.o mAbassiCfgA9.o   -Wl,-l_mAbassi_EVAL_GCC_AR5_CY5 -Wl,-lcs3 -Wl,-lcs3unhosted -Wl,-lcs3arm					\
          -Wl,-lgcc -Wl,-lc -o Demo_101_SMP_DE0NANOSOC_A9_GCC.axf
"arm-altera-eabi-nm" Demo_101_SMP_DE0NANOSOC_A9_GCC.axf > Demo_101_SMP_DE0NANOSOC_A9_GCC.axf.map
"arm-altera-eabi-objcopy" Demo_101_SMP_DE0NANOSOC_A9_GCC.axf -j vectors -j .rodata -j .text -j .data -j .bss --output-target=binary Demo_101_SMP_DE0NANOSOC_A9_GCC.bin
Done

16:02:27 Build Finished (took 5s.813ms)

